<?xml version="1.0" encoding="UTF-8"?>
<!-- Generated by org.testng.reporters.JUnitReportReporter -->
<testsuite hostname="pc" failures="0" tests="1" name="Restassured.restapitestings.ReqresPostReqTesting" time="2.488" errors="0" timestamp="2025-05-13T16:06:01 IST" skipped="0">
  <testcase classname="Restassured.restapitestings.ReqresPostReqTesting" name="reqres_POST_Request_Validations" time="2.488"/>
</testsuite> <!-- Restassured.restapitestings.ReqresPostReqTesting -->
