<?xml version="1.0" encoding="UTF-8"?>
<!-- Generated by org.testng.reporters.JUnitReportReporter -->
<testsuite hostname="pc" failures="0" tests="1" name="Restassured.restapitestings.ReqresPostReqTesting" time="4.145" errors="0" timestamp="2025-05-14T16:00:36 IST" skipped="0">
  <testcase classname="Restassured.restapitestings.ReqresPostReqTesting" name="reqres_POST_Request_Validations" time="4.145"/>
</testsuite> <!-- Restassured.restapitestings.ReqresPostReqTesting -->
