<?xml version="1.0" encoding="UTF-8"?>
<!-- Generated by org.testng.reporters.JUnitReportReporter -->
<testsuite hostname="pc" failures="0" tests="1" name="Restassured.restapitestings.ReqresGetRequestTesting" time="2.682" errors="0" timestamp="2025-05-12T17:41:51 IST" skipped="0">
  <testcase classname="Restassured.restapitestings.ReqresGetRequestTesting" name="get_Request_Validations" time="2.682"/>
</testsuite> <!-- Restassured.restapitestings.ReqresGetRequestTesting -->
