<?xml version="1.0" encoding="UTF-8"?>
<!-- Generated by org.testng.reporters.JUnitReportReporter -->
<testsuite hostname="pc" failures="0" tests="1" name="Restassured.restapitestings.ReqresPatchReqTesting" time="2.366" errors="0" timestamp="2025-05-14T16:59:48 IST" skipped="0">
  <testcase classname="Restassured.restapitestings.ReqresPatchReqTesting" name="reqres_PATCH_Request_validations" time="2.366"/>
</testsuite> <!-- Restassured.restapitestings.ReqresPatchReqTesting -->
