<?xml version="1.0" encoding="UTF-8"?>
<!-- Generated by org.testng.reporters.JUnitReportReporter -->
<testsuite hostname="pc" failures="0" tests="1" name="Restassured.restapitestings.ReqresPutReqTesting" time="2.637" errors="0" timestamp="2025-05-14T16:50:51 IST" skipped="0">
  <testcase classname="Restassured.restapitestings.ReqresPutReqTesting" name="reqres_PUT_Request_validations" time="2.637"/>
</testsuite> <!-- Restassured.restapitestings.ReqresPutReqTesting -->
