<?xml version="1.0" encoding="UTF-8"?>
<!-- Generated by org.testng.reporters.JUnitReportReporter -->
<testsuite hostname="pc" failures="0" tests="1" name="Restassured.restapitestings.ReqresDeleteReqTesting" time="1.711" errors="0" timestamp="2025-05-13T16:27:32 IST" skipped="0">
  <testcase classname="Restassured.restapitestings.ReqresDeleteReqTesting" name="reqres_Delete_Request_Validation" time="1.711"/>
</testsuite> <!-- Restassured.restapitestings.ReqresDeleteReqTesting -->
